Determining if the pthread_create exist failed with the following output:
Change Dir: /mnt/hgfs/victor/Documents/Post-Bac/M1 MAPI3/Stage/Stromalab/Code/Save criblage homeostasie/build/CMakeFiles/CMakeTmp

Run Build Command:"/usr/bin/make" "cmTC_a9c2b/fast"
/usr/bin/make -f CMakeFiles/cmTC_a9c2b.dir/build.make CMakeFiles/cmTC_a9c2b.dir/build
make[1]: Entering directory '/mnt/hgfs/victor/Documents/Post-Bac/M1 MAPI3/Stage/Stromalab/Code/Save criblage homeostasie/build/CMakeFiles/CMakeTmp'
Building C object CMakeFiles/cmTC_a9c2b.dir/CheckSymbolExists.c.o
/usr/bin/cc    -o CMakeFiles/cmTC_a9c2b.dir/CheckSymbolExists.c.o   -c "/mnt/hgfs/victor/Documents/Post-Bac/M1 MAPI3/Stage/Stromalab/Code/Save criblage homeostasie/build/CMakeFiles/CMakeTmp/CheckSymbolExists.c"
Linking C executable cmTC_a9c2b
/usr/bin/cmake -E cmake_link_script CMakeFiles/cmTC_a9c2b.dir/link.txt --verbose=1
/usr/bin/cc      -rdynamic CMakeFiles/cmTC_a9c2b.dir/CheckSymbolExists.c.o  -o cmTC_a9c2b 
CMakeFiles/cmTC_a9c2b.dir/CheckSymbolExists.c.o: In function `main':
CheckSymbolExists.c:(.text+0x1b): undefined reference to `pthread_create'
collect2: error: ld returned 1 exit status
CMakeFiles/cmTC_a9c2b.dir/build.make:97: recipe for target 'cmTC_a9c2b' failed
make[1]: *** [cmTC_a9c2b] Error 1
make[1]: Leaving directory '/mnt/hgfs/victor/Documents/Post-Bac/M1 MAPI3/Stage/Stromalab/Code/Save criblage homeostasie/build/CMakeFiles/CMakeTmp'
Makefile:126: recipe for target 'cmTC_a9c2b/fast' failed
make: *** [cmTC_a9c2b/fast] Error 2

File /mnt/hgfs/victor/Documents/Post-Bac/M1 MAPI3/Stage/Stromalab/Code/Save criblage homeostasie/build/CMakeFiles/CMakeTmp/CheckSymbolExists.c:
/* */
#include <pthread.h>

int main(int argc, char** argv)
{
  (void)argv;
#ifndef pthread_create
  return ((int*)(&pthread_create))[argc];
#else
  (void)argc;
  return 0;
#endif
}

Determining if the function pthread_create exists in the pthreads failed with the following output:
Change Dir: /mnt/hgfs/victor/Documents/Post-Bac/M1 MAPI3/Stage/Stromalab/Code/Save criblage homeostasie/build/CMakeFiles/CMakeTmp

Run Build Command:"/usr/bin/make" "cmTC_c22cc/fast"
/usr/bin/make -f CMakeFiles/cmTC_c22cc.dir/build.make CMakeFiles/cmTC_c22cc.dir/build
make[1]: Entering directory '/mnt/hgfs/victor/Documents/Post-Bac/M1 MAPI3/Stage/Stromalab/Code/Save criblage homeostasie/build/CMakeFiles/CMakeTmp'
Building C object CMakeFiles/cmTC_c22cc.dir/CheckFunctionExists.c.o
/usr/bin/cc   -DCHECK_FUNCTION_EXISTS=pthread_create   -o CMakeFiles/cmTC_c22cc.dir/CheckFunctionExists.c.o   -c /usr/share/cmake-3.10/Modules/CheckFunctionExists.c
Linking C executable cmTC_c22cc
/usr/bin/cmake -E cmake_link_script CMakeFiles/cmTC_c22cc.dir/link.txt --verbose=1
/usr/bin/cc  -DCHECK_FUNCTION_EXISTS=pthread_create    -rdynamic CMakeFiles/cmTC_c22cc.dir/CheckFunctionExists.c.o  -o cmTC_c22cc -lpthreads 
/usr/bin/ld: cannot find -lpthreads
collect2: error: ld returned 1 exit status
CMakeFiles/cmTC_c22cc.dir/build.make:97: recipe for target 'cmTC_c22cc' failed
make[1]: *** [cmTC_c22cc] Error 1
make[1]: Leaving directory '/mnt/hgfs/victor/Documents/Post-Bac/M1 MAPI3/Stage/Stromalab/Code/Save criblage homeostasie/build/CMakeFiles/CMakeTmp'
Makefile:126: recipe for target 'cmTC_c22cc/fast' failed
make: *** [cmTC_c22cc/fast] Error 2


